1 threads main_input:
0.0293288
0.0262104
0.0268071
0.0267666
0.0260003
0.0260543
0.0260545
0.026215
0.0264662
0.0265965
1 threads omp_main_input:
0.0480096
0.0490945
0.048208
0.0481152
0.0494351
0.0489063
0.048995
0.0553418
0.0488711
0.0530866
1 threads main_input2:
15.998
15.9816
15.9953
16.0168
15.9895
16.0103
16.0075
16.0233
15.9993
16.0103
1 threads omp_main_input2:
17.7754
17.8058
17.8113
17.7644
17.7966
17.7563
17.8148
17.8012
17.7999
17.7274
1 threads main_input3:
0.175609
0.176862
0.177271
0.177143
0.174135
0.176758
0.176427
0.178353
0.175523
0.177966
1 threads omp_main_input3:
0.214002
0.206095
0.211036
0.213141
0.210658
0.215351
0.211187
0.212636
0.207049
0.215243
2 threads omp_main_input:
0.107042
0.0979893
0.0995575
0.102437
0.105613
0.10025
0.106471
0.105526
0.106618
0.10368
2 threads omp_main_input2:
11.3592
11.3283
11.3339
11.331
11.3533
11.4016
11.2012
11.208
11.2633
11.2949
2 threads omp_main_input3:
0.260857
0.261277
0.266038
0.261454
0.257194
0.257568
0.257416
0.257252
0.259744
0.259581
4 threads omp_main_input:
0.128123
0.125238
0.124622
0.128097
0.125671
0.125034
0.12494
0.124769
0.12576
0.12609
4 threads omp_main_input2:
6.72348
6.98101
6.96305
6.98629
6.91229
6.89467
6.87071
6.9679
7.02265
6.86175
4 threads omp_main_input3:
0.32817
0.300619
0.304447
0.304568
0.303936
0.305789
0.295171
0.308128
0.3087
0.306144
6 threads omp_main_input:
1.30086
1.28173
1.29941
1.16283
1.30549
1.16693
1.2951
1.31974
1.28575
1.29438
6 threads omp_main_input2:
7.39359
7.49513
7.43386
7.4346
7.51916
7.46951
7.41851
7.53478
7.40828
7.39437
6 threads omp_main_input3:
1.14113
1.13945
1.13094
1.14487
1.14831
1.13583
1.15189
1.13582
1.14995
1.12955
10 threads omp_main_input:
1.82886
1.80971
1.73424
1.85003
1.86412
1.88395
1.88145
1.83022
1.70863
1.81777
10 threads omp_main_input2:
7.71159
7.69472
7.65047
7.71505
7.72546
7.67002
7.66149
7.71206
7.70273
7.66676
10 threads omp_main_input3:
1.83385
1.84533
1.80054
1.75723
1.78879
1.79104
1.83201
1.84314
1.74471
1.80828
